#
# There is insufficient memory for the Java Runtime Environment to continue.
# Native memory allocation (mmap) failed to map 33554432 bytes for committing reserved memory.
# Possible reasons:
#   The system is out of physical RAM or swap space
#   The process is running with CompressedOops enabled, and the Java Heap may be blocking the growth of the native heap
# Possible solutions:
#   Reduce memory load on the system
#   Increase physical memory or swap space
#   Check if swap backing store is full
#   Decrease Java heap size (-Xmx/-Xms)
#   Decrease number of Java threads
#   Decrease Java thread stack sizes (-Xss)
#   Set larger code cache with -XX:ReservedCodeCacheSize=
# This output file may be truncated or incomplete.
#
#  Out of Memory Error (os_linux.cpp:2922), pid=5539, tid=5541
#
# JRE version:  (11.0.9.1+1) (build )
# Java VM: OpenJDK 64-Bit Server VM (11.0.9.1+1-Ubuntu-0ubuntu1.18.04, mixed mode, sharing, tiered, compressed oops, g1 gc, linux-amd64)
# No core dump will be written. Core dumps have been disabled. To enable core dumping, try "ulimit -c unlimited" before starting Java again
#

---------------  S U M M A R Y ------------

Command Line: -Dorg.gradle.internal.worker.tmpdir=/home/mschweiz/i-love-my-local-farmer/DeliveryApi/ApiHandlers/build/tmp/test/work -Dorg.gradle.native=false --add-opens=java.base/java.util=ALL-UNNAMED --add-opens=java.base/java.lang=ALL-UNNAMED -Xmx512m -Dfile.encoding=UTF-8 -Duser.country -Duser.language=en -Duser.variant -ea worker.org.gradle.process.internal.worker.GradleWorkerMain 'Gradle Test Executor 2'

Host: Intel(R) Core(TM) i7-8665U CPU @ 1.90GHz, 8 cores, 2G, Ubuntu 18.04.5 LTS
Time: Mon Jun 21 13:32:27 2021 CEST elapsed time: 0.110386 seconds (0d 0h 0m 0s)

---------------  T H R E A D  ---------------

Current thread (0x00007f787801a000):  JavaThread "Unknown thread" [_thread_in_vm, id=5541, stack(0x00007f7880f86000,0x00007f7881087000)]

Stack: [0x00007f7880f86000,0x00007f7881087000],  sp=0x00007f78810854c0,  free space=1021k
Native frames: (J=compiled Java code, A=aot compiled Java code, j=interpreted, Vv=VM code, C=native code)
V  [libjvm.so+0xee9509]
V  [libjvm.so+0xeea19b]
V  [libjvm.so+0x681a15]
V  [libjvm.so+0xc13578]
V  [libjvm.so+0xc0a15f]
V  [libjvm.so+0x76d8a3]
V  [libjvm.so+0x7711e2]
V  [libjvm.so+0x75ec9a]
V  [libjvm.so+0xea4232]
V  [libjvm.so+0xea44e6]
V  [libjvm.so+0x84cd87]
V  [libjvm.so+0xe7b90f]
V  [libjvm.so+0x9050c1]  JNI_CreateJavaVM+0x51
C  [libjli.so+0x4c5f]
C  [libjli.so+0x949d]


---------------  P R O C E S S  ---------------

Threads class SMR info:
_java_thread_list=0x000055d2da7a7d10, length=0, elements={
}

Java Threads: ( => current thread )

Other Threads:
  0x00007f7878032800 GCTaskThread "GC Thread#0" [stack: 0x00007f787ce43000,0x00007f787cf43000] [id=5542]

[error occurred during error reporting (printing all threads), id 0xb, SIGSEGV (0xb) at pc=0x00007f787f457ae1]

VM state:not at safepoint (not fully initialized)

VM Mutex/Monitor currently owned by a thread:  ([mutex/lock_event])
[0x00007f78780166f0] Heap_lock - owner thread: 0x00007f787801a000

Heap address: 0x00000000e0000000, size: 512 MB, Compressed Oops mode: Non-zero based: 0x00000000e0000000
Narrow klass base: 0x0000000000000000, Narrow klass shift: 0

GC Heap History (0 events):
No events

Deoptimization events (0 events):
No events

Classes redefined (0 events):
No events

Internal exceptions (0 events):
No events

Events (2 events):
Event: 0.052 Protecting memory [0x00007f7880f86000,0x00007f7880f8a000] with protection modes 0
Event: 0.059 Loaded shared library /usr/lib/jvm/java-11-openjdk-amd64/lib/libzip.so


Dynamic libraries:
e0000000-100000000 ---p 00000000 00:00 0 
55d2d8d1c000-55d2d8d1d000 r-xp 00000000 08:10 327869                     /usr/lib/jvm/java-11-openjdk-amd64/bin/java
55d2d8f1d000-55d2d8f1e000 r--p 00001000 08:10 327869                     /usr/lib/jvm/java-11-openjdk-amd64/bin/java
55d2d8f1e000-55d2d8f1f000 rw-p 00002000 08:10 327869                     /usr/lib/jvm/java-11-openjdk-amd64/bin/java
55d2da78d000-55d2da7ae000 rw-p 00000000 00:00 0                          [heap]
7f784c000000-7f784c021000 rw-p 00000000 00:00 0 
7f784c021000-7f7850000000 ---p 00000000 00:00 0 
7f7854000000-7f7854021000 rw-p 00000000 00:00 0 
7f7854021000-7f7858000000 ---p 00000000 00:00 0 
7f785b800000-7f785c000000 ---p 00000000 00:00 0 
7f785c000000-7f785c021000 rw-p 00000000 00:00 0 
7f785c021000-7f7860000000 ---p 00000000 00:00 0 
7f7860099000-7f7860899000 ---p 00000000 00:00 0 
7f7860899000-7f7860b09000 rwxp 00000000 00:00 0 
7f7860b09000-7f7860e2a000 ---p 00000000 00:00 0 
7f7860e2a000-7f786109a000 rwxp 00000000 00:00 0 
7f786109a000-7f7868361000 ---p 00000000 00:00 0 
7f7868361000-7f78685d1000 rwxp 00000000 00:00 0 
7f78685d1000-7f786f899000 ---p 00000000 00:00 0 
7f786f899000-7f7878000000 r--s 00000000 08:10 327951                     /usr/lib/jvm/java-11-openjdk-amd64/lib/modules
7f7878000000-7f787804f000 rw-p 00000000 00:00 0 
7f787804f000-7f787c000000 ---p 00000000 00:00 0 
7f787c135000-7f787c136000 ---p 00000000 00:00 0 
7f787c136000-7f787c237000 rw-p 00000000 00:00 0 
7f787c237000-7f787c238000 ---p 00000000 00:00 0 
7f787c238000-7f787c339000 rw-p 00000000 00:00 0 
7f787c339000-7f787c639000 ---p 00000000 00:00 0 
7f787c639000-7f787ce41000 rw-p 00000000 00:00 0 
7f787ce41000-7f787ce42000 ---p 00000000 00:00 0 
7f787ce42000-7f787cf48000 rw-p 00000000 00:00 0 
7f787cf48000-7f787d02e000 ---p 00000000 00:00 0 
7f787d02e000-7f787d033000 rw-p 00000000 00:00 0 
7f787d033000-7f787d119000 ---p 00000000 00:00 0 
7f787d119000-7f787d120000 r-xp 00000000 08:10 327950                     /usr/lib/jvm/java-11-openjdk-amd64/lib/libzip.so
7f787d120000-7f787d31f000 ---p 00007000 08:10 327950                     /usr/lib/jvm/java-11-openjdk-amd64/lib/libzip.so
7f787d31f000-7f787d320000 r--p 00006000 08:10 327950                     /usr/lib/jvm/java-11-openjdk-amd64/lib/libzip.so
7f787d320000-7f787d321000 rw-p 00007000 08:10 327950                     /usr/lib/jvm/java-11-openjdk-amd64/lib/libzip.so
7f787d321000-7f787d32c000 r-xp 00000000 08:10 96961                      /lib/x86_64-linux-gnu/libnss_files-2.27.so
7f787d32c000-7f787d52b000 ---p 0000b000 08:10 96961                      /lib/x86_64-linux-gnu/libnss_files-2.27.so
7f787d52b000-7f787d52c000 r--p 0000a000 08:10 96961                      /lib/x86_64-linux-gnu/libnss_files-2.27.so
7f787d52c000-7f787d52d000 rw-p 0000b000 08:10 96961                      /lib/x86_64-linux-gnu/libnss_files-2.27.so
7f787d52d000-7f787d533000 rw-p 00000000 00:00 0 
7f787d533000-7f787d54a000 r-xp 00000000 08:10 96955                      /lib/x86_64-linux-gnu/libnsl-2.27.so
7f787d54a000-7f787d749000 ---p 00017000 08:10 96955                      /lib/x86_64-linux-gnu/libnsl-2.27.so
7f787d749000-7f787d74a000 r--p 00016000 08:10 96955                      /lib/x86_64-linux-gnu/libnsl-2.27.so
7f787d74a000-7f787d74b000 rw-p 00017000 08:10 96955                      /lib/x86_64-linux-gnu/libnsl-2.27.so
7f787d74b000-7f787d74d000 rw-p 00000000 00:00 0 
7f787d74d000-7f787d758000 r-xp 00000000 08:10 96965                      /lib/x86_64-linux-gnu/libnss_nis-2.27.so
7f787d758000-7f787d957000 ---p 0000b000 08:10 96965                      /lib/x86_64-linux-gnu/libnss_nis-2.27.so
7f787d957000-7f787d958000 r--p 0000a000 08:10 96965                      /lib/x86_64-linux-gnu/libnss_nis-2.27.so
7f787d958000-7f787d959000 rw-p 0000b000 08:10 96965                      /lib/x86_64-linux-gnu/libnss_nis-2.27.so
7f787d959000-7f787d961000 r-xp 00000000 08:10 96957                      /lib/x86_64-linux-gnu/libnss_compat-2.27.so
7f787d961000-7f787db61000 ---p 00008000 08:10 96957                      /lib/x86_64-linux-gnu/libnss_compat-2.27.so
7f787db61000-7f787db62000 r--p 00008000 08:10 96957                      /lib/x86_64-linux-gnu/libnss_compat-2.27.so
7f787db62000-7f787db63000 rw-p 00009000 08:10 96957                      /lib/x86_64-linux-gnu/libnss_compat-2.27.so
7f787db63000-7f787db68000 r-xp 00000000 08:10 327933                     /usr/lib/jvm/java-11-openjdk-amd64/lib/libjimage.so
7f787db68000-7f787dd67000 ---p 00005000 08:10 327933                     /usr/lib/jvm/java-11-openjdk-amd64/lib/libjimage.so
7f787dd67000-7f787dd68000 r--p 00004000 08:10 327933                     /usr/lib/jvm/java-11-openjdk-amd64/lib/libjimage.so
7f787dd68000-7f787dd69000 rw-p 00005000 08:10 327933                     /usr/lib/jvm/java-11-openjdk-amd64/lib/libjimage.so
7f787dd69000-7f787dd92000 r-xp 00000000 08:10 327929                     /usr/lib/jvm/java-11-openjdk-amd64/lib/libjava.so
7f787dd92000-7f787df92000 ---p 00029000 08:10 327929                     /usr/lib/jvm/java-11-openjdk-amd64/lib/libjava.so
7f787df92000-7f787df93000 r--p 00029000 08:10 327929                     /usr/lib/jvm/java-11-openjdk-amd64/lib/libjava.so
7f787df93000-7f787df94000 rw-p 0002a000 08:10 327929                     /usr/lib/jvm/java-11-openjdk-amd64/lib/libjava.so
7f787df94000-7f787df95000 rw-p 00000000 00:00 0 
7f787df95000-7f787dfa2000 r-xp 00000000 08:10 327949                     /usr/lib/jvm/java-11-openjdk-amd64/lib/libverify.so
7f787dfa2000-7f787e1a1000 ---p 0000d000 08:10 327949                     /usr/lib/jvm/java-11-openjdk-amd64/lib/libverify.so
7f787e1a1000-7f787e1a3000 r--p 0000c000 08:10 327949                     /usr/lib/jvm/java-11-openjdk-amd64/lib/libverify.so
7f787e1a3000-7f787e1a4000 rw-p 0000e000 08:10 327949                     /usr/lib/jvm/java-11-openjdk-amd64/lib/libverify.so
7f787e1a4000-7f787e1ab000 r-xp 00000000 08:10 97004                      /lib/x86_64-linux-gnu/librt-2.27.so
7f787e1ab000-7f787e3aa000 ---p 00007000 08:10 97004                      /lib/x86_64-linux-gnu/librt-2.27.so
7f787e3aa000-7f787e3ab000 r--p 00006000 08:10 97004                      /lib/x86_64-linux-gnu/librt-2.27.so
7f787e3ab000-7f787e3ac000 rw-p 00007000 08:10 97004                      /lib/x86_64-linux-gnu/librt-2.27.so
7f787e3ac000-7f787e3c3000 r-xp 00000000 08:10 96905                      /lib/x86_64-linux-gnu/libgcc_s.so.1
7f787e3c3000-7f787e5c2000 ---p 00017000 08:10 96905                      /lib/x86_64-linux-gnu/libgcc_s.so.1
7f787e5c2000-7f787e5c3000 r--p 00016000 08:10 96905                      /lib/x86_64-linux-gnu/libgcc_s.so.1
7f787e5c3000-7f787e5c4000 rw-p 00017000 08:10 96905                      /lib/x86_64-linux-gnu/libgcc_s.so.1
7f787e5c4000-7f787e761000 r-xp 00000000 08:10 96931                      /lib/x86_64-linux-gnu/libm-2.27.so
7f787e761000-7f787e960000 ---p 0019d000 08:10 96931                      /lib/x86_64-linux-gnu/libm-2.27.so
7f787e960000-7f787e961000 r--p 0019c000 08:10 96931                      /lib/x86_64-linux-gnu/libm-2.27.so
7f787e961000-7f787e962000 rw-p 0019d000 08:10 96931                      /lib/x86_64-linux-gnu/libm-2.27.so
7f787e962000-7f787eadb000 r-xp 00000000 08:10 64801                      /usr/lib/x86_64-linux-gnu/libstdc++.so.6.0.25
7f787eadb000-7f787ecdb000 ---p 00179000 08:10 64801                      /usr/lib/x86_64-linux-gnu/libstdc++.so.6.0.25
7f787ecdb000-7f787ece5000 r--p 00179000 08:10 64801                      /usr/lib/x86_64-linux-gnu/libstdc++.so.6.0.25
7f787ece5000-7f787ece7000 rw-p 00183000 08:10 64801                      /usr/lib/x86_64-linux-gnu/libstdc++.so.6.0.25
7f787ece7000-7f787eceb000 rw-p 00000000 00:00 0 
7f787eceb000-7f787fedc000 r-xp 00000000 08:10 327954                     /usr/lib/jvm/java-11-openjdk-amd64/lib/server/libjvm.so
7f787fedc000-7f78800db000 ---p 011f1000 08:10 327954                     /usr/lib/jvm/java-11-openjdk-amd64/lib/server/libjvm.so
7f78800db000-7f788019c000 r--p 011f0000 08:10 327954                     /usr/lib/jvm/java-11-openjdk-amd64/lib/server/libjvm.so
7f788019c000-7f78801d7000 rw-p 012b1000 08:10 327954                     /usr/lib/jvm/java-11-openjdk-amd64/lib/server/libjvm.so
7f78801d7000-7f788022e000 rw-p 00000000 00:00 0 
7f788022e000-7f7880248000 r-xp 00000000 08:10 96996                      /lib/x86_64-linux-gnu/libpthread-2.27.so
7f7880248000-7f7880447000 ---p 0001a000 08:10 96996                      /lib/x86_64-linux-gnu/libpthread-2.27.so
7f7880447000-7f7880448000 r--p 00019000 08:10 96996                      /lib/x86_64-linux-gnu/libpthread-2.27.so
7f7880448000-7f7880449000 rw-p 0001a000 08:10 96996                      /lib/x86_64-linux-gnu/libpthread-2.27.so
7f7880449000-7f788044d000 rw-p 00000000 00:00 0 
7f788044d000-7f7880450000 r-xp 00000000 08:10 96891                      /lib/x86_64-linux-gnu/libdl-2.27.so
7f7880450000-7f788064f000 ---p 00003000 08:10 96891                      /lib/x86_64-linux-gnu/libdl-2.27.so
7f788064f000-7f7880650000 r--p 00002000 08:10 96891                      /lib/x86_64-linux-gnu/libdl-2.27.so
7f7880650000-7f7880651000 rw-p 00003000 08:10 96891                      /lib/x86_64-linux-gnu/libdl-2.27.so
7f7880651000-7f788066d000 r-xp 00000000 08:10 97036                      /lib/x86_64-linux-gnu/libz.so.1.2.11
7f788066d000-7f788086c000 ---p 0001c000 08:10 97036                      /lib/x86_64-linux-gnu/libz.so.1.2.11
7f788086c000-7f788086d000 r--p 0001b000 08:10 97036                      /lib/x86_64-linux-gnu/libz.so.1.2.11
7f788086d000-7f788086e000 rw-p 0001c000 08:10 97036                      /lib/x86_64-linux-gnu/libz.so.1.2.11
7f788086e000-7f7880a55000 r-xp 00000000 08:10 96868                      /lib/x86_64-linux-gnu/libc-2.27.so
7f7880a55000-7f7880c55000 ---p 001e7000 08:10 96868                      /lib/x86_64-linux-gnu/libc-2.27.so
7f7880c55000-7f7880c59000 r--p 001e7000 08:10 96868                      /lib/x86_64-linux-gnu/libc-2.27.so
7f7880c59000-7f7880c5b000 rw-p 001eb000 08:10 96868                      /lib/x86_64-linux-gnu/libc-2.27.so
7f7880c5b000-7f7880c5f000 rw-p 00000000 00:00 0 
7f7880c5f000-7f7880c6f000 r-xp 00000000 08:10 327913                     /usr/lib/jvm/java-11-openjdk-amd64/lib/jli/libjli.so
7f7880c6f000-7f7880e6e000 ---p 00010000 08:10 327913                     /usr/lib/jvm/java-11-openjdk-amd64/lib/jli/libjli.so
7f7880e6e000-7f7880e6f000 r--p 0000f000 08:10 327913                     /usr/lib/jvm/java-11-openjdk-amd64/lib/jli/libjli.so
7f7880e6f000-7f7880e70000 rw-p 00010000 08:10 327913                     /usr/lib/jvm/java-11-openjdk-amd64/lib/jli/libjli.so
7f7880e70000-7f7880e97000 r-xp 00000000 08:10 96845                      /lib/x86_64-linux-gnu/ld-2.27.so
7f7880f58000-7f7880f7f000 rw-p 00000000 00:00 0 
7f7880f7f000-7f7880f86000 ---p 00000000 00:00 0 
7f7880f86000-7f7880f8a000 ---p 00000000 00:00 0 
7f7880f8a000-7f7881089000 rw-p 00000000 00:00 0 
7f7881089000-7f788108b000 r--s 00007000 08:10 326185                     /usr/share/java/java-atk-wrapper.jar
7f788108b000-7f7881093000 rw-s 00000000 08:10 1089851                    /tmp/hsperfdata_mschweiz/5539
7f7881093000-7f7881094000 ---p 00000000 00:00 0 
7f7881094000-7f7881095000 r--p 00000000 00:00 0 
7f7881095000-7f7881097000 rw-p 00000000 00:00 0 
7f7881097000-7f7881098000 r--p 00027000 08:10 96845                      /lib/x86_64-linux-gnu/ld-2.27.so
7f7881098000-7f7881099000 rw-p 00028000 08:10 96845                      /lib/x86_64-linux-gnu/ld-2.27.so
7f7881099000-7f788109a000 rw-p 00000000 00:00 0 
7ffe9c58a000-7ffe9c5ac000 rw-p 00000000 00:00 0                          [stack]
7ffe9c5d5000-7ffe9c5d8000 r--p 00000000 00:00 0                          [vvar]
7ffe9c5d8000-7ffe9c5da000 r-xp 00000000 00:00 0                          [vdso]


VM Arguments:
jvm_args: -Dorg.gradle.internal.worker.tmpdir=/home/mschweiz/i-love-my-local-farmer/DeliveryApi/ApiHandlers/build/tmp/test/work -Dorg.gradle.native=false --add-opens=java.base/java.util=ALL-UNNAMED --add-opens=java.base/java.lang=ALL-UNNAMED -Xmx512m -Dfile.encoding=UTF-8 -Duser.country -Duser.language=en -Duser.variant -ea 
java_command: worker.org.gradle.process.internal.worker.GradleWorkerMain 'Gradle Test Executor 2'
java_class_path (initial): /home/mschweiz/.gradle/caches/7.0/workerMain/gradle-worker.jar:/home/mschweiz/i-love-my-local-farmer/DeliveryApi/ApiHandlers/build/classes/java/test:/home/mschweiz/i-love-my-local-farmer/DeliveryApi/ApiHandlers/build/resources/test:/home/mschweiz/i-love-my-local-farmer/DeliveryApi/ApiHandlers/build/classes/java/main:/home/mschweiz/i-love-my-local-farmer/DeliveryApi/ApiHandlers/build/resources/main:/home/mschweiz/.gradle/caches/modules-2/files-2.1/com.amazonaws/aws-lambda-java-log4j2/1.1.0/8b03764605572f6c849e203f876176dffc8a78e/aws-lambda-java-log4j2-1.1.0.jar:/home/mschweiz/.gradle/caches/modules-2/files-2.1/com.amazonaws/aws-lambda-java-core/1.2.1/ee677e3b913a2835c13b2746a7761b0a7b55a65d/aws-lambda-java-core-1.2.1.jar:/home/mschweiz/.gradle/caches/modules-2/files-2.1/com.amazonaws/aws-lambda-java-events/2.2.9/3d51de4b8ed36c12de3e5becd6fa487a7cc58c58/aws-lambda-java-events-2.2.9.jar:/home/mschweiz/.gradle/caches/modules-2/files-2.1/org.json/json/20210307/528c8df3757e8bcf151817b1d7b9b434f6aa08d5/json-20210307.jar:/home/mschweiz/.gradle/caches/modules-2/files-2.1/software.amazon.awssdk/rds/2.16.38/620db79c9aaeac3efe108e07c844f4a44ec5066d/rds-2.16.38.jar:/home/mschweiz/.gradle/caches/modules-2/files-2.1/software.amazon.awssdk/secretsmanager/2.15.0/c9b57aa213894b14e953b863955e867ac49e8be/secretsmanager-2.15.0.jar:/home/mschweiz/.gradle/caches/modules-2/files-2.1/software.amazon.awssdk/url-connection-client/2.16.44/f7040e4f9cc2a7a2cc101d99a3ba8f8040b4d2ab/url-connection-client-2.16.44.jar:/home/mschweiz/.gradle/caches/modules-2/files-2.1/org.apache.logging.log4j/log4j-core/2.14.1/9141212b8507ab50a45525b545b39d224614528b/log4j-core-2.14.1.jar:/home/mschweiz/.gradle/caches/modules-2/files-2.1/org.apache.logging.log4j/log4j-api/2.14.1/cd8858fbbde69f46bce8db1152c18a43328aae78/log4j-api-2.14.1.jar:/home/mschweiz/.gradle/caches/modules-2/files-2.1/mysql/mysql-connector-java/8.0.15/1cd928d0f1a93563993ce1d8b468217ea0d19b11/mysql-connector-java-8.0.1
Launcher Type: SUN_STANDARD

[Global flags]
     intx CICompilerCount                          = 4                                         {product} {ergonomic}
     uint ConcGCThreads                            = 2                                         {product} {ergonomic}
     uint G1ConcRefinementThreads                  = 8                                         {product} {ergonomic}
   size_t G1HeapRegionSize                         = 1048576                                   {product} {ergonomic}
    uintx GCDrainStackTargetSize                   = 64                                        {product} {ergonomic}
   size_t InitialHeapSize                          = 50331648                                  {product} {ergonomic}
   size_t MarkStackSize                            = 4194304                                   {product} {ergonomic}
   size_t MaxHeapSize                              = 536870912                                 {product} {command line}
   size_t MinHeapDeltaBytes                        = 1048576                                   {product} {ergonomic}
    uintx NonNMethodCodeHeapSize                   = 5836300                                {pd product} {ergonomic}
    uintx NonProfiledCodeHeapSize                  = 122910970                              {pd product} {ergonomic}
    uintx ProfiledCodeHeapSize                     = 122910970                              {pd product} {ergonomic}
    uintx ReservedCodeCacheSize                    = 251658240                              {pd product} {ergonomic}
     bool SegmentedCodeCache                       = true                                      {product} {ergonomic}
     bool UseCompressedClassPointers               = true                                 {lp64_product} {ergonomic}
     bool UseCompressedOops                        = true                                 {lp64_product} {ergonomic}
     bool UseG1GC                                  = true                                      {product} {ergonomic}

Logging:
Log output configuration:
 #0: stdout all=warning uptime,level,tags
 #1: stderr all=off uptime,level,tags

Environment Variables:
PATH=/usr/local/bin/aws:/usr/share/maven:/home/mschweiz/.local/bin:/home/mschweiz/.pyenv/bin:/home/mschweiz/.toolbox/bin:/usr/local/sbin:/usr/local/bin:/usr/sbin:/usr/bin:/sbin:/bin:/usr/games:/usr/local/games:/mnt/c/Program Files/WindowsApps/CanonicalGroupLimited.Ubuntu18.04onWindows_1804.2020.824.0_x64__79rhkp1fndgsc:/mnt/c/Program Files (x86)/Common Files/Oracle/Java/javapath:/mnt/c/Program Files/AdoptOpenJDK/jdk-11.0.9.11-hotspot/bin:/mnt/c/Program Files/Amazon Corretto/jdk11.0.8_10/bin:/mnt/c/Program Files/itacsvc:/mnt/c/WINDOWS/system32:/mnt/c/WINDOWS:/mnt/c/WINDOWS/System32/Wbem:/mnt/c/WINDOWS/System32/WindowsPowerShell/v1.0/:/mnt/c/WINDOWS/System32/OpenSSH/:/mnt/c/Program Files/PuTTY/:/mnt/c/Program Files (x86)/ACMEGuardian/:/mnt/c/Program Files (x86)/Quarantine/:/mnt/c/Users/mschweiz/AppData/Local/Microsoft/WindowsApps:/mnt/c/Users/mschweiz/AppData/Local/Programs/Microsoft VS Code/bin:/mnt/c/Users/mschweiz/AppData/Local/GitHubDesktop/bin:/snap/bin
SHELL=/bin/bash
HOSTTYPE=x86_64
LANG=C.UTF-8

Signal Handlers:
SIGSEGV: [libjvm.so+0xeeaf50], sa_mask[0]=11111111011111111101111111111110, sa_flags=SA_RESTART|SA_SIGINFO
SIGBUS: [libjvm.so+0xeeaf50], sa_mask[0]=11111111011111111101111111111110, sa_flags=SA_RESTART|SA_SIGINFO
SIGFPE: [libjvm.so+0xeeaf50], sa_mask[0]=11111111011111111101111111111110, sa_flags=SA_RESTART|SA_SIGINFO
SIGPIPE: [libjvm.so+0xc0ee30], sa_mask[0]=11111111011111111101111111111110, sa_flags=SA_RESTART|SA_SIGINFO
SIGXFSZ: [libjvm.so+0xc0ee30], sa_mask[0]=11111111011111111101111111111110, sa_flags=SA_RESTART|SA_SIGINFO
SIGILL: [libjvm.so+0xeeaf50], sa_mask[0]=11111111011111111101111111111110, sa_flags=SA_RESTART|SA_SIGINFO
SIGUSR2: [libjvm.so+0xc0ecd0], sa_mask[0]=00100000000000000000000000000000, sa_flags=SA_RESTART|SA_SIGINFO
SIGHUP: SIG_DFL, sa_mask[0]=00000000000000000000000000000000, sa_flags=none
SIGINT: SIG_DFL, sa_mask[0]=00000000000000000000000000000000, sa_flags=none
SIGTERM: SIG_DFL, sa_mask[0]=00000000000000000000000000000000, sa_flags=none
SIGQUIT: SIG_DFL, sa_mask[0]=00000000000000000000000000000000, sa_flags=none


---------------  S Y S T E M  ---------------

OS:DISTRIB_ID=Ubuntu
DISTRIB_RELEASE=18.04
DISTRIB_CODENAME=bionic
DISTRIB_DESCRIPTION="Ubuntu 18.04.5 LTS"
uname:Linux 4.19.128-microsoft-standard #1 SMP Tue Jun 23 12:58:10 UTC 2020 x86_64
OS uptime: 0 days 2:37 hours
libc:glibc 2.27 NPTL 2.27 
rlimit (soft/hard): STACK 8192k/infinity , CORE 0k/infinity , NPROC 11940/11940 , NOFILE 4096/4096 , AS infinity/infinity , CPU infinity/infinity , DATA infinity/infinity , FSIZE infinity/infinity , MEMLOCK 64k/64k
load average:5.74 1.57 1.17

/proc/meminfo:
MemTotal:        3061528 kB
MemFree:           60324 kB
MemAvailable:        868 kB
Buffers:             824 kB
Cached:            15856 kB
SwapCached:        17572 kB
Active:          2270028 kB
Inactive:         573904 kB
Active(anon):    2261784 kB
Inactive(anon):   566184 kB
Active(file):       8244 kB
Inactive(file):     7720 kB
Unevictable:           0 kB
Mlocked:               0 kB
SwapTotal:       1048576 kB
SwapFree:              0 kB
Dirty:               204 kB
Writeback:             0 kB
AnonPages:       2809520 kB
Mapped:            13584 kB
Shmem:                36 kB
Slab:              48024 kB
SReclaimable:      23956 kB
SUnreclaim:        24068 kB
KernelStack:       10032 kB
PageTables:        30704 kB
NFS_Unstable:          0 kB
Bounce:                0 kB
WritebackTmp:          0 kB
CommitLimit:     2579340 kB
Committed_AS:    4124816 kB
VmallocTotal:   34359738367 kB
VmallocUsed:           0 kB
VmallocChunk:          0 kB
Percpu:             1888 kB
AnonHugePages:   1456128 kB
ShmemHugePages:        0 kB
ShmemPmdMapped:        0 kB
HugePages_Total:       0
HugePages_Free:        0
HugePages_Rsvd:        0
HugePages_Surp:        0
Hugepagesize:       2048 kB
Hugetlb:               0 kB
DirectMap4k:       13312 kB
DirectMap2M:     2082816 kB
DirectMap1G:     3145728 kB

/sys/kernel/mm/transparent_hugepage/enabled:
[always] madvise never
/sys/kernel/mm/transparent_hugepage/defrag (defrag/compaction efforts parameter):
always defer defer+madvise [madvise] never

/proc/sys/kernel/threads-max (system-wide limit on the number of threads):
23880
/proc/sys/vm/max_map_count (maximum number of memory map areas a process may have):
65530
/proc/sys/kernel/pid_max (system-wide limit on number of process identifiers):
32768

container (cgroup) information:
container_type: cgroupv1
cpu_cpuset_cpus: 0-7
cpu_memory_nodes: 0
active_processor_count: 8
cpu_quota: -1
cpu_period: 100000
cpu_shares: -1
memory_limit_in_bytes: -1
memory_and_swap_limit_in_bytes: -1
memory_soft_limit_in_bytes: -1
memory_usage_in_bytes: 2912526336
memory_max_usage_in_bytes: 3950915584

HyperV virtualization detected
Steal ticks since vm start: 0
Steal ticks percentage since vm start:  0.000

CPU:total 8 (initial active 8) (4 cores per cpu, 2 threads per core) family 6 model 142 stepping 12, cmov, cx8, fxsr, mmx, sse, sse2, sse3, ssse3, sse4.1, sse4.2, popcnt, avx, avx2, aes, clmul, erms, 3dnowpref, lzcnt, ht, tsc, bmi1, bmi2, adx, fma
CPU Model and flags from /proc/cpuinfo:
model name	: Intel(R) Core(TM) i7-8665U CPU @ 1.90GHz
flags		: fpu vme de pse tsc msr pae mce cx8 apic sep mtrr pge mca cmov pat pse36 clflush mmx fxsr sse sse2 ss ht syscall nx pdpe1gb rdtscp lm constant_tsc rep_good nopl xtopology cpuid pni pclmulqdq ssse3 fma cx16 pcid sse4_1 sse4_2 movbe popcnt aes xsave avx f16c rdrand hypervisor lahf_lm abm 3dnowprefetch invpcid_single ssbd ibrs ibpb stibp ibrs_enhanced fsgsbase bmi1 avx2 smep bmi2 erms invpcid mpx rdseed adx smap clflushopt xsaveopt xsavec xgetbv1 xsaves flush_l1d arch_capabilities
Online cpus:
0-7
Offline cpus:

BIOS frequency limitation:
<Not Available>
Frequency switch latency (ns):
<Not Available>
Available cpu frequencies:
<Not Available>
Current governor:
<Not Available>
Core performance/turbo boost:
<Not Available>

Memory: 4k page, physical 3061528k(60324k free), swap 1048576k(0k free)

vm_info: OpenJDK 64-Bit Server VM (11.0.9.1+1-Ubuntu-0ubuntu1.18.04) for linux-amd64 JRE (11.0.9.1+1-Ubuntu-0ubuntu1.18.04), built on Nov 10 2020 04:18:42 by "unknown" with gcc 7.5.0

END.
